#
# A fatal error has been detected by the Java Runtime Environment:
#
#  EXCEPTION_ACCESS_VIOLATION (0xc0000005) at pc=0x000001f74d7f1066, pid=17160, tid=0x0000000000001d0c
#
# JRE version: OpenJDK Runtime Environment (8.0_402-b06) (build 1.8.0_402-b06)
# Java VM: OpenJDK 64-Bit Server VM (25.402-b06 mixed mode windows-amd64 compressed oops)
# Problematic frame:
# C  [OpenAL64.dll+0x11066]
#
# Failed to write core dump. Minidumps are not enabled by default on client versions of Windows
#
# If you would like to submit a bug report, please visit:
#   https://github.com/adoptium/adoptium-support/issues
# The crash happened outside the Java Virtual Machine in native code.
# See problematic frame for where to report the bug.
#

---------------  T H R E A D  ---------------

Current thread (0x000001f732b0b800):  JavaThread "main" [_thread_in_native, id=7436, stack(0x0000009c9ed00000,0x0000009c9ee00000)]

siginfo: ExceptionCode=0xc0000005, reading address 0x000001f755570004

Registers:
RAX=0x0000000000000001, RBX=0x000001f7567c0090, RCX=0x000001f755570008, RDX=0x000001f755570004
RSP=0x0000009c9edfd030, RBP=0x00000000000000ff, RSI=0x000001f7555650ec, RDI=0x0000000000000000
R8 =0x0000000000002bc6, R9 =0x000001f7555650ec, R10=0x000001f734569622, R11=0x0000000050478ff0
R12=0x0000000000000001, R13=0x000001f755f2d438, R14=0x0000009c9edfd1d0, R15=0x000001f732b0b800
RIP=0x000001f74d7f1066, EFLAGS=0x0000000000010202

Top of Stack: (sp=0x0000009c9edfd030)
0x0000009c9edfd030:   0000000000000000 000001f732b0b800
0x0000009c9edfd040:   0000009c9edfd1d0 000001f755f2d438
0x0000009c9edfd050:   000001f755f2d438 0000000000000000
0x0000009c9edfd060:   000001f732b0b800 0000000000000000
0x0000009c9edfd070:   0000009c9edfd198 000000005030f2bb
0x0000009c9edfd080:   0000009c9edfd0b0 000001f7345aa2d3
0x0000009c9edfd090:   000001f732ac59a0 000001f732b0c150
0x0000009c9edfd0a0:   000001f732b0b800 0000009c9edfd1d0
0x0000009c9edfd0b0:   000001f755f2d438 0000000000000000
0x0000009c9edfd0c0:   000001f7555650ec 0000000000000248
0x0000009c9edfd0d0:   0000009c9edfd198 000001f74d7f248f
0x0000009c9edfd0e0:   000001f7567c0090 000001f7567c0090
0x0000009c9edfd0f0:   000001f70000ac44 000001f700000001
0x0000009c9edfd100:   000001f734557bd0 000001f73456964e
0x0000009c9edfd110:   000001f755f2d438 0000000000000248
0x0000009c9edfd120:   000001f734557bd0 000001f73456935b 

Instructions: (pc=0x000001f74d7f1066)
0x000001f74d7f1046:   41 2b ec 81 3a 03 00 02 00 75 09 8b 01 89 84 24
0x000001f74d7f1056:   c8 00 00 00 49 83 c0 02 48 83 c1 08 4a 8d 14 86
0x000001f74d7f1066:   39 3a 75 af 4c 8d 84 24 c0 00 00 00 48 8d 15 d7
0x000001f74d7f1076:   2b 03 00 33 c9 e8 58 5f 00 00 b8 40 1f 00 00 4c 


Register to memory mapping:

RAX=0x0000000000000001 is an unknown value
RBX=0x000001f7567c0090 is an unknown value
RCX=0x000001f755570008 is an unknown value
RDX=0x000001f755570004 is an unknown value
RSP=0x0000009c9edfd030 is pointing into the stack for thread: 0x000001f732b0b800
RBP=0x00000000000000ff is an unknown value
RSI=0x000001f7555650ec is an unknown value
RDI=0x0000000000000000 is an unknown value
R8 =0x0000000000002bc6 is an unknown value
R9 =0x000001f7555650ec is an unknown value
R10=0x000001f734569622 is at code_begin+962 in an Interpreter codelet
method entry point (kind = native)  [0x000001f734569260, 0x000001f734569d00]  2720 bytes
R11=0x0000000050478ff0 is an unknown value
R12=0x0000000000000001 is an unknown value
R13={method} {0x000001f755f2d440} 'nalcCreateContext' '(JJ)J' in 'org/lwjgl/openal/ALC10'
R14=0x0000009c9edfd1d0 is pointing into the stack for thread: 0x000001f732b0b800
R15=0x000001f732b0b800 is a thread


Stack: [0x0000009c9ed00000,0x0000009c9ee00000],  sp=0x0000009c9edfd030,  free space=1012k
Native frames: (J=compiled Java code, j=interpreted, Vv=VM code, C=native code)
C  [OpenAL64.dll+0x11066]
C  [OpenAL64.dll+0x1248f]
C  0x000001f73456964e

Java frames: (J=compiled Java code, j=interpreted, Vv=VM code)
j  org.lwjgl.openal.ALC10.nalcCreateContext(JJ)J+0
j  org.lwjgl.openal.ALC10.alcCreateContext(Lorg/lwjgl/openal/ALCdevice;Ljava/nio/IntBuffer;)Lorg/lwjgl/openal/ALCcontext;+8
j  org.lwjgl.openal.AL.init(Ljava/lang/String;IIZZ)V+69
j  org.lwjgl.openal.AL.create(Ljava/lang/String;IIZZ)V+246
j  org.lwjgl.openal.AL.create(Ljava/lang/String;IIZ)V+5
j  org.lwjgl.openal.AL.create()V+6
j  com.badlogic.gdx.backends.lwjgl.audio.OpenALAudio.<init>(III)V+114
j  com.badlogic.gdx.backends.lwjgl.LwjglApplication.<init>(Lcom/badlogic/gdx/ApplicationListener;Lcom/badlogic/gdx/backends/lwjgl/LwjglApplicationConfiguration;Lcom/badlogic/gdx/backends/lwjgl/LwjglGraphics;)V+120
j  com.badlogic.gdx.backends.lwjgl.LwjglApplication.<init>(Lcom/badlogic/gdx/ApplicationListener;Lcom/badlogic/gdx/backends/lwjgl/LwjglApplicationConfiguration;)V+11
j  org.uqbar.project.wollok.game.gameboard.WollokGDXApplication.<init>(Lorg/uqbar/project/wollok/game/gameboard/Gameboard;Ljava/lang/Boolean;)V+17
j  org.uqbar.project.wollok.game.helpers.Application.start(Lorg/uqbar/project/wollok/game/gameboard/Gameboard;Ljava/lang/Boolean;)V+5
j  org.uqbar.project.wollok.game.gameboard.Gameboard.start(Ljava/lang/Boolean;)V+13
j  wollok.game.GameObject.doStart(Ljava/lang/Boolean;)V+12
v  ~StubRoutines::call_stub
j  sun.reflect.NativeMethodAccessorImpl.invoke0(Ljava/lang/reflect/Method;Ljava/lang/Object;[Ljava/lang/Object;)Ljava/lang/Object;+0
j  sun.reflect.NativeMethodAccessorImpl.invoke(Ljava/lang/Object;[Ljava/lang/Object;)Ljava/lang/Object;+100
J 2886 C1 sun.reflect.DelegatingMethodAccessorImpl.invoke(Ljava/lang/Object;[Ljava/lang/Object;)Ljava/lang/Object; (10 bytes) @ 0x000001f73505bd0c [0x000001f73505bc00+0x10c]
J 2885 C1 java.lang.reflect.Method.invoke(Ljava/lang/Object;[Ljava/lang/Object;)Ljava/lang/Object; (62 bytes) @ 0x000001f73506b474 [0x000001f73506b080+0x3f4]
j  org.uqbar.project.wollok.ui.utils.XTendUtilExtensions.invokeConvertingArgs(Ljava/lang/reflect/Method;Ljava/lang/Object;[Ljava/lang/Object;)Lorg/uqbar/project/wollok/interpreter/core/WollokObject;+261
j  org.uqbar.project.wollok.interpreter.AbstractWollokCallable._invokeNative(Ljava/lang/Object;Ljava/lang/String;[Lorg/uqbar/project/wollok/interpreter/core/WollokObject;)Lorg/uqbar/project/wollok/interpreter/core/WollokObject;+41
j  org.uqbar.project.wollok.interpreter.AbstractWollokCallable.invokeNative(Ljava/lang/Object;Ljava/lang/String;[Lorg/uqbar/project/wollok/interpreter/core/WollokObject;)Lorg/uqbar/project/wollok/interpreter/core/WollokObject;+26
j  org.uqbar.project.wollok.interpreter.AbstractWollokCallable$1.apply()Lorg/uqbar/project/wollok/interpreter/core/WollokObject;+55
j  org.uqbar.project.wollok.interpreter.AbstractWollokCallable$1.apply()Ljava/lang/Object;+1
j  org.uqbar.project.wollok.interpreter.threads.WThread.performOnStack(Lorg/eclipse/emf/ecore/EObject;Lorg/uqbar/project/wollok/interpreter/context/EvaluationContext;Lorg/eclipse/xtext/xbase/lib/Functions$Function0;)Lorg/uqbar/project/wollok/interpreter/core/WollokObject;+29
j  org.uqbar.project.wollok.interpreter.WollokInterpreter.performOnStack(Lorg/eclipse/emf/ecore/EObject;Lorg/uqbar/project/wollok/interpreter/context/EvaluationContext;Lorg/eclipse/xtext/xbase/lib/Functions$Function0;)Lorg/uqbar/project/wollok/interpreter/core/WollokObject;+7
j  org.uqbar.project.wollok.interpreter.AbstractWollokCallable.call(Lorg/uqbar/project/wollok/wollokDsl/WMethodDeclaration;[Lorg/uqbar/project/wollok/interpreter/core/WollokObject;)Lorg/uqbar/project/wollok/interpreter/core/WollokObject;+38
j  org.uqbar.project.wollok.interpreter.core.WollokObject.call(Ljava/lang/String;[Lorg/uqbar/project/wollok/interpreter/core/WollokObject;)Lorg/uqbar/project/wollok/interpreter/core/WollokObject;+55
j  org.uqbar.project.wollok.interpreter.WollokInterpreterEvaluator._evaluate(Lorg/uqbar/project/wollok/wollokDsl/WFeatureCall;)Lorg/uqbar/project/wollok/interpreter/core/WollokObject;+119
j  org.uqbar.project.wollok.launch.WollokLauncherInterpreterEvaluator.evaluate(Lorg/eclipse/emf/ecore/EObject;)Lorg/uqbar/project/wollok/interpreter/core/WollokObject;+412
j  org.uqbar.project.wollok.interpreter.WollokInterpreterEvaluator.evaluate(Lorg/eclipse/emf/ecore/EObject;)Ljava/lang/Object;+2
j  org.uqbar.project.wollok.interpreter.WollokInterpreter.eval(Lorg/eclipse/emf/ecore/EObject;)Lorg/uqbar/project/wollok/interpreter/core/WollokObject;+63
j  org.uqbar.project.wollok.interpreter.WollokInterpreterEvaluator.eval(Lorg/eclipse/emf/ecore/EObject;)Lorg/uqbar/project/wollok/interpreter/core/WollokObject;+5
j  org.uqbar.project.wollok.interpreter.WollokInterpreterEvaluator$1.apply(Lorg/uqbar/project/wollok/interpreter/core/WollokObject;Lorg/eclipse/emf/ecore/EObject;)Lorg/uqbar/project/wollok/interpreter/core/WollokObject;+5
j  org.uqbar.project.wollok.interpreter.WollokInterpreterEvaluator$1.apply(Ljava/lang/Object;Ljava/lang/Object;)Ljava/lang/Object;+9
j  org.eclipse.xtext.xbase.lib.IteratorExtensions.fold(Ljava/util/Iterator;Ljava/lang/Object;Lorg/eclipse/xtext/xbase/lib/Functions$Function2;)Ljava/lang/Object;+19
j  org.eclipse.xtext.xbase.lib.IterableExtensions.fold(Ljava/lang/Iterable;Ljava/lang/Object;Lorg/eclipse/xtext/xbase/lib/Functions$Function2;)Ljava/lang/Object;+8
j  org.uqbar.project.wollok.interpreter.WollokInterpreterEvaluator.evalAll(Ljava/lang/Iterable;)Lorg/uqbar/project/wollok/interpreter/core/WollokObject;+12
j  org.uqbar.project.wollok.interpreter.WollokInterpreterEvaluator._evaluate(Lorg/uqbar/project/wollok/wollokDsl/WBlockExpression;)Lorg/uqbar/project/wollok/interpreter/core/WollokObject;+34
j  org.uqbar.project.wollok.launch.WollokLauncherInterpreterEvaluator.evaluate(Lorg/eclipse/emf/ecore/EObject;)Lorg/uqbar/project/wollok/interpreter/core/WollokObject;+76
j  org.uqbar.project.wollok.interpreter.WollokInterpreterEvaluator.evaluate(Lorg/eclipse/emf/ecore/EObject;)Ljava/lang/Object;+2
j  org.uqbar.project.wollok.interpreter.WollokInterpreter.eval(Lorg/eclipse/emf/ecore/EObject;)Lorg/uqbar/project/wollok/interpreter/core/WollokObject;+63
j  org.uqbar.project.wollok.interpreter.AbstractWollokCallable.eval(Lorg/eclipse/emf/ecore/EObject;)Lorg/uqbar/project/wollok/interpreter/core/WollokObject;+5
j  org.uqbar.project.wollok.interpreter.AbstractWollokCallable$1.apply()Lorg/uqbar/project/wollok/interpreter/core/WollokObject;+110
j  org.uqbar.project.wollok.interpreter.AbstractWollokCallable$1.apply()Ljava/lang/Object;+1
j  org.uqbar.project.wollok.interpreter.threads.WThread.performOnStack(Lorg/eclipse/emf/ecore/EObject;Lorg/uqbar/project/wollok/interpreter/context/EvaluationContext;Lorg/eclipse/xtext/xbase/lib/Functions$Function0;)Lorg/uqbar/project/wollok/interpreter/core/WollokObject;+29
j  org.uqbar.project.wollok.interpreter.WollokInterpreter.performOnStack(Lorg/eclipse/emf/ecore/EObject;Lorg/uqbar/project/wollok/interpreter/context/EvaluationContext;Lorg/eclipse/xtext/xbase/lib/Functions$Function0;)Lorg/uqbar/project/wollok/interpreter/core/WollokObject;+7
j  org.uqbar.project.wollok.interpreter.AbstractWollokCallable.call(Lorg/uqbar/project/wollok/wollokDsl/WMethodDeclaration;[Lorg/uqbar/project/wollok/interpreter/core/WollokObject;)Lorg/uqbar/project/wollok/interpreter/core/WollokObject;+38
j  org.uqbar.project.wollok.interpreter.core.WollokObject.call(Ljava/lang/String;[Lorg/uqbar/project/wollok/interpreter/core/WollokObject;)Lorg/uqbar/project/wollok/interpreter/core/WollokObject;+55
j  org.uqbar.project.wollok.interpreter.WollokInterpreterEvaluator._evaluate(Lorg/uqbar/project/wollok/wollokDsl/WFeatureCall;)Lorg/uqbar/project/wollok/interpreter/core/WollokObject;+119
j  org.uqbar.project.wollok.launch.WollokLauncherInterpreterEvaluator.evaluate(Lorg/eclipse/emf/ecore/EObject;)Lorg/uqbar/project/wollok/interpreter/core/WollokObject;+412
j  org.uqbar.project.wollok.interpreter.WollokInterpreterEvaluator.evaluate(Lorg/eclipse/emf/ecore/EObject;)Ljava/lang/Object;+2
j  org.uqbar.project.wollok.interpreter.WollokInterpreter.eval(Lorg/eclipse/emf/ecore/EObject;)Lorg/uqbar/project/wollok/interpreter/core/WollokObject;+63
j  org.uqbar.project.wollok.interpreter.WollokInterpreterEvaluator.eval(Lorg/eclipse/emf/ecore/EObject;)Lorg/uqbar/project/wollok/interpreter/core/WollokObject;+5
j  org.uqbar.project.wollok.interpreter.WollokInterpreterEvaluator$1.apply(Lorg/uqbar/project/wollok/interpreter/core/WollokObject;Lorg/eclipse/emf/ecore/EObject;)Lorg/uqbar/project/wollok/interpreter/core/WollokObject;+5
j  org.uqbar.project.wollok.interpreter.WollokInterpreterEvaluator$1.apply(Ljava/lang/Object;Ljava/lang/Object;)Ljava/lang/Object;+9
j  org.eclipse.xtext.xbase.lib.IteratorExtensions.fold(Ljava/util/Iterator;Ljava/lang/Object;Lorg/eclipse/xtext/xbase/lib/Functions$Function2;)Ljava/lang/Object;+19
j  org.eclipse.xtext.xbase.lib.IterableExtensions.fold(Ljava/lang/Iterable;Ljava/lang/Object;Lorg/eclipse/xtext/xbase/lib/Functions$Function2;)Ljava/lang/Object;+8
j  org.uqbar.project.wollok.interpreter.WollokInterpreterEvaluator.evalAll(Ljava/lang/Iterable;)Lorg/uqbar/project/wollok/interpreter/core/WollokObject;+12
j  org.uqbar.project.wollok.interpreter.WollokInterpreterEvaluator._evaluate(Lorg/uqbar/project/wollok/wollokDsl/WProgram;)Lorg/uqbar/project/wollok/interpreter/core/WollokObject;+18
j  org.uqbar.project.wollok.launch.WollokLauncherInterpreterEvaluator.evaluate(Lorg/eclipse/emf/ecore/EObject;)Lorg/uqbar/project/wollok/interpreter/core/WollokObject;+444
j  org.uqbar.project.wollok.interpreter.WollokInterpreterEvaluator.evaluate(Lorg/eclipse/emf/ecore/EObject;)Ljava/lang/Object;+2
j  org.uqbar.project.wollok.interpreter.WollokInterpreter.eval(Lorg/eclipse/emf/ecore/EObject;)Lorg/uqbar/project/wollok/interpreter/core/WollokObject;+63
j  org.uqbar.project.wollok.interpreter.WollokInterpreterEvaluator.eval(Lorg/eclipse/emf/ecore/EObject;)Lorg/uqbar/project/wollok/interpreter/core/WollokObject;+5
j  org.uqbar.project.wollok.launch.WollokLauncherInterpreterEvaluator._evaluate(Lorg/uqbar/project/wollok/wollokDsl/WFile;)Lorg/uqbar/project/wollok/interpreter/core/WollokObject;+32
j  org.uqbar.project.wollok.launch.WollokLauncherInterpreterEvaluator.evaluate(Lorg/eclipse/emf/ecore/EObject;)Lorg/uqbar/project/wollok/interpreter/core/WollokObject;+428
j  org.uqbar.project.wollok.interpreter.WollokInterpreterEvaluator.evaluate(Lorg/eclipse/emf/ecore/EObject;)Ljava/lang/Object;+2
j  org.uqbar.project.wollok.interpreter.WollokInterpreter.interpret(Lorg/eclipse/emf/ecore/EObject;Ljava/lang/Boolean;)Lorg/uqbar/project/wollok/interpreter/core/WollokObject;+25
j  org.uqbar.project.wollok.interpreter.WollokInterpreter.interpret(Lorg/eclipse/emf/ecore/EObject;)Lorg/uqbar/project/wollok/interpreter/core/WollokObject;+8
j  org.uqbar.project.wollok.launch.WollokLauncher.doSomething(Lorg/uqbar/project/wollok/wollokDsl/WFile;Lcom/google/inject/Injector;Ljava/io/File;Lorg/uqbar/project/wollok/launch/WollokLauncherParameters;)V+109
j  org.uqbar.project.wollok.launch.WollokChecker.launch(Ljava/lang/String;Lorg/uqbar/project/wollok/launch/WollokLauncherParameters;)V+31
j  org.uqbar.project.wollok.launch.WollokChecker.doMain([Ljava/lang/String;)V+205
j  org.uqbar.project.wollok.launch.WollokLauncher.main([Ljava/lang/String;)V+8
v  ~StubRoutines::call_stub

---------------  P R O C E S S  ---------------

Java Threads: ( => current thread )
  0x000001f75183f000 JavaThread "com.google.inject.internal.util.$Finalizer" daemon [_thread_blocked, id=15744, stack(0x0000009ca0f00000,0x0000009ca1000000)]
  0x000001f75159f800 JavaThread "EMF Reference Cleaner" daemon [_thread_blocked, id=16772, stack(0x0000009ca0e00000,0x0000009ca0f00000)]
  0x000001f7507a8800 JavaThread "Service Thread" daemon [_thread_blocked, id=31620, stack(0x0000009ca0c00000,0x0000009ca0d00000)]
  0x000001f75072c000 JavaThread "C1 CompilerThread11" daemon [_thread_blocked, id=15952, stack(0x0000009ca0b00000,0x0000009ca0c00000)]
  0x000001f750728000 JavaThread "C1 CompilerThread10" daemon [_thread_blocked, id=27868, stack(0x0000009ca0a00000,0x0000009ca0b00000)]
  0x000001f750726800 JavaThread "C1 CompilerThread9" daemon [_thread_blocked, id=26672, stack(0x0000009ca0900000,0x0000009ca0a00000)]
  0x000001f75072a000 JavaThread "C1 CompilerThread8" daemon [_thread_blocked, id=24104, stack(0x0000009ca0800000,0x0000009ca0900000)]
  0x000001f750725800 JavaThread "C2 CompilerThread7" daemon [_thread_in_native, id=27720, stack(0x0000009ca0700000,0x0000009ca0800000)]
  0x000001f75072b000 JavaThread "C2 CompilerThread6" daemon [_thread_in_native, id=23520, stack(0x0000009ca0600000,0x0000009ca0700000)]
  0x000001f7506f8000 JavaThread "C2 CompilerThread5" daemon [_thread_blocked, id=15212, stack(0x0000009ca0500000,0x0000009ca0600000)]
  0x000001f7506e3000 JavaThread "C2 CompilerThread4" daemon [_thread_blocked, id=28528, stack(0x0000009ca0400000,0x0000009ca0500000)]
  0x000001f7506dd000 JavaThread "C2 CompilerThread3" daemon [_thread_blocked, id=7256, stack(0x0000009ca0300000,0x0000009ca0400000)]
  0x000001f7506d0800 JavaThread "C2 CompilerThread2" daemon [_thread_blocked, id=4936, stack(0x0000009ca0200000,0x0000009ca0300000)]
  0x000001f7506cd800 JavaThread "C2 CompilerThread1" daemon [_thread_blocked, id=9304, stack(0x0000009ca0100000,0x0000009ca0200000)]
  0x000001f7506d4000 JavaThread "C2 CompilerThread0" daemon [_thread_blocked, id=23000, stack(0x0000009ca0000000,0x0000009ca0100000)]
  0x000001f7506c6000 JavaThread "Attach Listener" daemon [_thread_blocked, id=14292, stack(0x0000009c9ff00000,0x0000009ca0000000)]
  0x000001f7506c1000 JavaThread "Signal Dispatcher" daemon [_thread_blocked, id=15352, stack(0x0000009c9fe00000,0x0000009c9ff00000)]
  0x000001f7506a1000 JavaThread "Finalizer" daemon [_thread_blocked, id=10456, stack(0x0000009c9fd00000,0x0000009c9fe00000)]
  0x000001f7506a0800 JavaThread "Reference Handler" daemon [_thread_blocked, id=25816, stack(0x0000009c9fc00000,0x0000009c9fd00000)]
=>0x000001f732b0b800 JavaThread "main" [_thread_in_native, id=7436, stack(0x0000009c9ed00000,0x0000009c9ee00000)]

Other Threads:
  0x000001f74daa1800 VMThread [stack: 0x0000009c9fb00000,0x0000009c9fc00000] [id=24888]
  0x000001f7507c0000 WatcherThread [stack: 0x0000009ca0d00000,0x0000009ca0e00000] [id=21820]

VM state:not at safepoint (normal execution)

VM Mutex/Monitor currently owned by a thread: None

heap address: 0x00000006c1200000, size: 4078 MB, Compressed Oops mode: Zero based, Oop shift amount: 3
Narrow klass base: 0x0000000000000000, Narrow klass shift: 3
Compressed class space size: 1073741824 Address: 0x00000007c0000000

Heap:
 PSYoungGen      total 141824K, used 11929K [0x000000076b100000, 0x000000077c600000, 0x00000007c0000000)
  eden space 131072K, 9% used [0x000000076b100000,0x000000076bca65f8,0x0000000773100000)
  from space 10752K, 0% used [0x0000000773100000,0x0000000773100000,0x0000000773b80000)
  to   space 10752K, 0% used [0x000000077bb80000,0x000000077bb80000,0x000000077c600000)
 ParOldGen       total 124416K, used 18478K [0x00000006c1200000, 0x00000006c8b80000, 0x000000076b100000)
  object space 124416K, 14% used [0x00000006c1200000,0x00000006c240ba60,0x00000006c8b80000)
 Metaspace       used 21809K, capacity 22100K, committed 22400K, reserved 1069056K
  class space    used 2745K, capacity 2854K, committed 2944K, reserved 1048576K

Card table byte_map: [0x000001f743910000,0x000001f744110000] byte_map_base: 0x000001f740307000

Marking Bits: (ParMarkBitMap*) 0x0000000050a50850
 Begin Bits: [0x000001f744660000, 0x000001f748618000)
 End Bits:   [0x000001f748618000, 0x000001f74c5d0000)

Polling page: 0x000001f732c40000

CodeCache: size=245760Kb used=12759Kb max_used=12790Kb free=233000Kb
 bounds [0x000001f734550000, 0x000001f7351e0000, 0x000001f743550000]
 total_blobs=3838 nmethods=3383 adapters=365
 compilation: enabled

Compilation events (10 events):
Event: 1.292 Thread 0x000001f75072a000 3385       3       java.io.WinNTFileSystem::normalize (143 bytes)
Event: 1.293 Thread 0x000001f75072a000 nmethod 3385 0x000001f7351ba490 code [0x000001f7351ba680, 0x000001f7351baeb0]
Event: 1.296 Thread 0x000001f75072c000 3386       3       java.nio.DirectByteBuffer::put (18 bytes)
Event: 1.296 Thread 0x000001f750726800 3387       3       java.nio.DirectByteBuffer::ix (10 bytes)
Event: 1.296 Thread 0x000001f750726800 nmethod 3387 0x000001f7351bb810 code [0x000001f7351bb960, 0x000001f7351bbab8]
Event: 1.296 Thread 0x000001f75072c000 nmethod 3386 0x000001f7351bbb50 code [0x000001f7351bbcc0, 0x000001f7351bbf38]
Event: 1.297 Thread 0x000001f750728000 3389       3       java.nio.DirectByteBuffer::put (18 bytes)
Event: 1.297 Thread 0x000001f75072a000 3390       1       java.nio.DirectByteBuffer::ix (10 bytes)
Event: 1.297 Thread 0x000001f75072a000 nmethod 3390 0x000001f7351bc050 code [0x000001f7351bc1a0, 0x000001f7351bc2b8]
Event: 1.297 Thread 0x000001f750728000 nmethod 3389 0x000001f7351bc310 code [0x000001f7351bc480, 0x000001f7351bc6f8]

GC Heap History (8 events):
Event: 0.427 GC heap before
{Heap before GC invocations=1 (full 0):
 PSYoungGen      total 76288K, used 64991K [0x000000076b100000, 0x0000000770600000, 0x00000007c0000000)
  eden space 65536K, 99% used [0x000000076b100000,0x000000076f077f90,0x000000076f100000)
  from space 10752K, 0% used [0x000000076fb80000,0x000000076fb80000,0x0000000770600000)
  to   space 10752K, 0% used [0x000000076f100000,0x000000076f100000,0x000000076fb80000)
 ParOldGen       total 175104K, used 0K [0x00000006c1200000, 0x00000006cbd00000, 0x000000076b100000)
  object space 175104K, 0% used [0x00000006c1200000,0x00000006c1200000,0x00000006cbd00000)
 Metaspace       used 10062K, capacity 10268K, committed 10624K, reserved 1058816K
  class space    used 1195K, capacity 1288K, committed 1408K, reserved 1048576K
Event: 0.433 GC heap after
Heap after GC invocations=1 (full 0):
 PSYoungGen      total 76288K, used 10739K [0x000000076b100000, 0x0000000774600000, 0x00000007c0000000)
  eden space 65536K, 0% used [0x000000076b100000,0x000000076b100000,0x000000076f100000)
  from space 10752K, 99% used [0x000000076f100000,0x000000076fb7ccf0,0x000000076fb80000)
  to   space 10752K, 0% used [0x0000000773b80000,0x0000000773b80000,0x0000000774600000)
 ParOldGen       total 175104K, used 3158K [0x00000006c1200000, 0x00000006cbd00000, 0x000000076b100000)
  object space 175104K, 1% used [0x00000006c1200000,0x00000006c1515b40,0x00000006cbd00000)
 Metaspace       used 10062K, capacity 10268K, committed 10624K, reserved 1058816K
  class space    used 1195K, capacity 1288K, committed 1408K, reserved 1048576K
}
Event: 0.782 GC heap before
{Heap before GC invocations=2 (full 0):
 PSYoungGen      total 76288K, used 76275K [0x000000076b100000, 0x0000000774600000, 0x00000007c0000000)
  eden space 65536K, 100% used [0x000000076b100000,0x000000076f100000,0x000000076f100000)
  from space 10752K, 99% used [0x000000076f100000,0x000000076fb7ccf0,0x000000076fb80000)
  to   space 10752K, 0% used [0x0000000773b80000,0x0000000773b80000,0x0000000774600000)
 ParOldGen       total 175104K, used 3158K [0x00000006c1200000, 0x00000006cbd00000, 0x000000076b100000)
  object space 175104K, 1% used [0x00000006c1200000,0x00000006c1515b40,0x00000006cbd00000)
 Metaspace       used 16548K, capacity 16734K, committed 17024K, reserved 1064960K
  class space    used 2055K, capacity 2131K, committed 2176K, reserved 1048576K
Event: 0.789 GC heap after
Heap after GC invocations=2 (full 0):
 PSYoungGen      total 141824K, used 10720K [0x000000076b100000, 0x0000000774600000, 0x00000007c0000000)
  eden space 131072K, 0% used [0x000000076b100000,0x000000076b100000,0x0000000773100000)
  from space 10752K, 99% used [0x0000000773b80000,0x00000007745f8050,0x0000000774600000)
  to   space 10752K, 0% used [0x0000000773100000,0x0000000773100000,0x0000000773b80000)
 ParOldGen       total 175104K, used 10423K [0x00000006c1200000, 0x00000006cbd00000, 0x000000076b100000)
  object space 175104K, 5% used [0x00000006c1200000,0x00000006c1c2dcc0,0x00000006cbd00000)
 Metaspace       used 16548K, capacity 16734K, committed 17024K, reserved 1064960K
  class space    used 2055K, capacity 2131K, committed 2176K, reserved 1048576K
}
Event: 1.165 GC heap before
{Heap before GC invocations=3 (full 0):
 PSYoungGen      total 141824K, used 57409K [0x000000076b100000, 0x0000000774600000, 0x00000007c0000000)
  eden space 131072K, 35% used [0x000000076b100000,0x000000076de98788,0x0000000773100000)
  from space 10752K, 99% used [0x0000000773b80000,0x00000007745f8050,0x0000000774600000)
  to   space 10752K, 0% used [0x0000000773100000,0x0000000773100000,0x0000000773b80000)
 ParOldGen       total 175104K, used 10423K [0x00000006c1200000, 0x00000006cbd00000, 0x000000076b100000)
  object space 175104K, 5% used [0x00000006c1200000,0x00000006c1c2dcc0,0x00000006cbd00000)
 Metaspace       used 20829K, capacity 21070K, committed 21248K, reserved 1067008K
  class space    used 2633K, capacity 2725K, committed 2816K, reserved 1048576K
Event: 1.178 GC heap after
Heap after GC invocations=3 (full 0):
 PSYoungGen      total 141824K, used 10720K [0x000000076b100000, 0x000000077c600000, 0x00000007c0000000)
  eden space 131072K, 0% used [0x000000076b100000,0x000000076b100000,0x0000000773100000)
  from space 10752K, 99% used [0x0000000773100000,0x0000000773b78060,0x0000000773b80000)
  to   space 10752K, 0% used [0x000000077bb80000,0x000000077bb80000,0x000000077c600000)
 ParOldGen       total 175104K, used 16456K [0x00000006c1200000, 0x00000006cbd00000, 0x000000076b100000)
  object space 175104K, 9% used [0x00000006c1200000,0x00000006c22120d8,0x00000006cbd00000)
 Metaspace       used 20829K, capacity 21070K, committed 21248K, reserved 1067008K
  class space    used 2633K, capacity 2725K, committed 2816K, reserved 1048576K
}
Event: 1.178 GC heap before
{Heap before GC invocations=4 (full 1):
 PSYoungGen      total 141824K, used 10720K [0x000000076b100000, 0x000000077c600000, 0x00000007c0000000)
  eden space 131072K, 0% used [0x000000076b100000,0x000000076b100000,0x0000000773100000)
  from space 10752K, 99% used [0x0000000773100000,0x0000000773b78060,0x0000000773b80000)
  to   space 10752K, 0% used [0x000000077bb80000,0x000000077bb80000,0x000000077c600000)
 ParOldGen       total 175104K, used 16456K [0x00000006c1200000, 0x00000006cbd00000, 0x000000076b100000)
  object space 175104K, 9% used [0x00000006c1200000,0x00000006c22120d8,0x00000006cbd00000)
 Metaspace       used 20829K, capacity 21070K, committed 21248K, reserved 1067008K
  class space    used 2633K, capacity 2725K, committed 2816K, reserved 1048576K
Event: 1.202 GC heap after
Heap after GC invocations=4 (full 1):
 PSYoungGen      total 141824K, used 0K [0x000000076b100000, 0x000000077c600000, 0x00000007c0000000)
  eden space 131072K, 0% used [0x000000076b100000,0x000000076b100000,0x0000000773100000)
  from space 10752K, 0% used [0x0000000773100000,0x0000000773100000,0x0000000773b80000)
  to   space 10752K, 0% used [0x000000077bb80000,0x000000077bb80000,0x000000077c600000)
 ParOldGen       total 124416K, used 18478K [0x00000006c1200000, 0x00000006c8b80000, 0x000000076b100000)
  object space 124416K, 14% used [0x00000006c1200000,0x00000006c240ba60,0x00000006c8b80000)
 Metaspace       used 20829K, capacity 21070K, committed 21248K, reserved 1067008K
  class space    used 2633K, capacity 2725K, committed 2816K, reserved 1048576K
}

Deoptimization events (10 events):
Event: 1.024 Thread 0x000001f732b0b800 Uncommon trap: reason=unstable_if action=reinterpret pc=0x000001f734f5e9e4 method=org.antlr.runtime.CommonTokenStream.consume()V @ 13
Event: 1.028 Thread 0x000001f732b0b800 Uncommon trap: reason=unstable_if action=reinterpret pc=0x000001f734fe2cf4 method=org.uqbar.project.wollok.parser.antlr.internal.InternalWollokDslLexer.mRULE_ML_COMMENT()V @ 66
Event: 1.028 Thread 0x000001f732b0b800 Uncommon trap: reason=unstable_if action=reinterpret pc=0x000001f734f2daf8 method=java.util.HashMap.computeIfAbsent(Ljava/lang/Object;Ljava/util/function/Function;)Ljava/lang/Object; @ 44
Event: 1.038 Thread 0x000001f732b0b800 Uncommon trap: reason=unstable_if action=reinterpret pc=0x000001f735008988 method=sun.nio.cs.UTF_8$Decoder.decodeArrayLoop(Ljava/nio/ByteBuffer;Ljava/nio/CharBuffer;)Ljava/nio/charset/CoderResult; @ 84
Event: 1.099 Thread 0x000001f732b0b800 Uncommon trap: reason=unstable_if action=reinterpret pc=0x000001f734c52a3c method=java.util.concurrent.ConcurrentHashMap.putVal(Ljava/lang/Object;Ljava/lang/Object;Z)Ljava/lang/Object; @ 181
Event: 1.165 Thread 0x000001f732b0b800 Uncommon trap: reason=unstable_if action=reinterpret pc=0x000001f7350de094 method=org.uqbar.project.wollok.wollokDsl.impl.WMemberFeatureCallImpl.eIsSet(I)Z @ 104
Event: 1.235 Thread 0x000001f732b0b800 Uncommon trap: reason=unstable_if action=reinterpret pc=0x000001f735179c7c method=java.io.WinNTFileSystem.normalize(Ljava/lang/String;)Ljava/lang/String; @ 49
Event: 1.244 Thread 0x000001f732b0b800 Uncommon trap: reason=predicate action=maybe_recompile pc=0x000001f734b9faec method=java.lang.String.regionMatches(ZILjava/lang/String;II)Z @ 63
Event: 1.280 Thread 0x000001f732b0b800 Uncommon trap: reason=unstable_if action=reinterpret pc=0x000001f73491ebdc method=java.lang.ThreadLocal$ThreadLocalMap.getEntry(Ljava/lang/ThreadLocal;)Ljava/lang/ThreadLocal$ThreadLocalMap$Entry; @ 29
Event: 1.280 Thread 0x000001f732b0b800 Uncommon trap: reason=unstable_if action=reinterpret pc=0x000001f73491af6c method=java.lang.ThreadLocal$ThreadLocalMap.getEntry(Ljava/lang/ThreadLocal;)Ljava/lang/ThreadLocal$ThreadLocalMap$Entry; @ 29

Classes redefined (0 events):
No events

Internal exceptions (10 events):
Event: 1.040 Thread 0x000001f732b0b800 Exception <a 'java/io/FileNotFoundException'> (0x000000076cf20e30) thrown at [E:\Jenkins\workspace\temp\workspace\build\src\hotspot\src\share\vm\prims\jni.cpp, line 709]
Event: 1.206 Thread 0x000001f732b0b800 Exception <a 'java/lang/reflect/InvocationTargetException'> (0x000000076b14a698) thrown at [E:\Jenkins\workspace\temp\workspace\build\src\hotspot\src\share\vm\runtime\reflection.cpp, line 1092]
Event: 1.206 Thread 0x000001f732b0b800 Exception <a 'java/lang/reflect/InvocationTargetException'> (0x000000076b163198) thrown at [E:\Jenkins\workspace\temp\workspace\build\src\hotspot\src\share\vm\runtime\reflection.cpp, line 1092]
Event: 1.207 Thread 0x000001f732b0b800 Exception <a 'java/lang/reflect/InvocationTargetException'> (0x000000076b17e598) thrown at [E:\Jenkins\workspace\temp\workspace\build\src\hotspot\src\share\vm\runtime\reflection.cpp, line 1092]
Event: 1.302 Thread 0x000001f732b0b800 Exception <a 'java/security/PrivilegedActionException'> (0x000000076bbf1818) thrown at [E:\Jenkins\workspace\temp\workspace\build\src\hotspot\src\share\vm\prims\jvm.cpp, line 1514]
Event: 1.302 Thread 0x000001f732b0b800 Exception <a 'java/security/PrivilegedActionException'> (0x000000076bbf2d48) thrown at [E:\Jenkins\workspace\temp\workspace\build\src\hotspot\src\share\vm\prims\jvm.cpp, line 1514]
Event: 1.302 Thread 0x000001f732b0b800 Exception <a 'java/security/PrivilegedActionException'> (0x000000076bbf4178) thrown at [E:\Jenkins\workspace\temp\workspace\build\src\hotspot\src\share\vm\prims\jvm.cpp, line 1514]
Event: 1.302 Thread 0x000001f732b0b800 Exception <a 'java/security/PrivilegedActionException'> (0x000000076bbf5838) thrown at [E:\Jenkins\workspace\temp\workspace\build\src\hotspot\src\share\vm\prims\jvm.cpp, line 1514]
Event: 1.302 Thread 0x000001f732b0b800 Exception <a 'java/security/PrivilegedActionException'> (0x000000076bbf6c30) thrown at [E:\Jenkins\workspace\temp\workspace\build\src\hotspot\src\share\vm\prims\jvm.cpp, line 1514]
Event: 1.302 Thread 0x000001f732b0b800 Exception <a 'java/security/PrivilegedActionException'> (0x000000076bbf7ff8) thrown at [E:\Jenkins\workspace\temp\workspace\build\src\hotspot\src\share\vm\prims\jvm.cpp, line 1514]

Events (10 events):
Event: 1.319 loading class org/lwjgl/openal/ALCdevice
Event: 1.319 loading class org/lwjgl/openal/ALCdevice done
Event: 1.319 loading class org/lwjgl/openal/ALCcontext
Event: 1.319 loading class org/lwjgl/openal/ALCcontext done
Event: 1.320 loading class java/nio/DirectIntBufferU
Event: 1.320 loading class java/nio/DirectIntBufferU done
Event: 1.320 loading class org/lwjgl/openal/Util
Event: 1.320 loading class org/lwjgl/openal/Util done
Event: 1.320 loading class org/lwjgl/openal/OpenALException
Event: 1.320 loading class org/lwjgl/openal/OpenALException done


Dynamic libraries:
0x00007ff72b560000 - 0x00007ff72b5b1000 	C:\Program Files\Eclipse Adoptium\jdk-8.0.402.6-hotspot\bin\javaw.exe
0x00007ffd5f790000 - 0x00007ffd5f9a6000 	C:\Windows\SYSTEM32\ntdll.dll
0x00007ffd5ee00000 - 0x00007ffd5eec4000 	C:\Windows\System32\KERNEL32.DLL
0x00007ffd5cbf0000 - 0x00007ffd5cf96000 	C:\Windows\System32\KERNELBASE.dll
0x00007ffd5f160000 - 0x00007ffd5f212000 	C:\Windows\System32\ADVAPI32.dll
0x00007ffd5ebd0000 - 0x00007ffd5ec77000 	C:\Windows\System32\msvcrt.dll
0x00007ffd5ef10000 - 0x00007ffd5efb8000 	C:\Windows\System32\sechost.dll
0x00007ffd5d180000 - 0x00007ffd5d1a8000 	C:\Windows\System32\bcrypt.dll
0x00007ffd5f040000 - 0x00007ffd5f155000 	C:\Windows\System32\RPCRT4.dll
0x00007ffd5e190000 - 0x00007ffd5e33d000 	C:\Windows\System32\USER32.dll
0x00007ffd5cb40000 - 0x00007ffd5cb66000 	C:\Windows\System32\win32u.dll
0x00007ffd5d720000 - 0x00007ffd5d749000 	C:\Windows\System32\GDI32.dll
0x00007ffd5d060000 - 0x00007ffd5d178000 	C:\Windows\System32\gdi32full.dll
0x00007ffd5d1b0000 - 0x00007ffd5d24a000 	C:\Windows\System32\msvcp_win.dll
0x00007ffd5d250000 - 0x00007ffd5d361000 	C:\Windows\System32\ucrtbase.dll
0x00007ffd403c0000 - 0x00007ffd40653000 	C:\Windows\WinSxS\amd64_microsoft.windows.common-controls_6595b64144ccf1df_6.0.22621.3235_none_270f74e173860f98\COMCTL32.dll
0x00007ffd5eed0000 - 0x00007ffd5ef01000 	C:\Windows\System32\IMM32.DLL
0x00007ffd44cf0000 - 0x00007ffd44d05000 	C:\Program Files\Eclipse Adoptium\jdk-8.0.402.6-hotspot\jre\bin\vcruntime140.dll
0x00007ffd12ae0000 - 0x00007ffd12b7b000 	C:\Program Files\Eclipse Adoptium\jdk-8.0.402.6-hotspot\jre\bin\msvcp140.dll
0x0000000050270000 - 0x0000000050ac9000 	C:\Program Files\Eclipse Adoptium\jdk-8.0.402.6-hotspot\jre\bin\server\jvm.dll
0x00007ffd5d550000 - 0x00007ffd5d558000 	C:\Windows\System32\PSAPI.DLL
0x00007ffd52d40000 - 0x00007ffd52d74000 	C:\Windows\SYSTEM32\WINMM.dll
0x00007ffd44ce0000 - 0x00007ffd44ce9000 	C:\Windows\SYSTEM32\WSOCK32.dll
0x00007ffd48cb0000 - 0x00007ffd48cba000 	C:\Windows\SYSTEM32\VERSION.dll
0x00007ffd5d750000 - 0x00007ffd5d7c1000 	C:\Windows\System32\WS2_32.dll
0x00007ffd5bb10000 - 0x00007ffd5bb28000 	C:\Windows\SYSTEM32\kernel.appcore.dll
0x00007ffd3e9f0000 - 0x00007ffd3ea00000 	C:\Program Files\Eclipse Adoptium\jdk-8.0.402.6-hotspot\jre\bin\verify.dll
0x00007ffd2b1e0000 - 0x00007ffd2b20b000 	C:\Program Files\Eclipse Adoptium\jdk-8.0.402.6-hotspot\jre\bin\java.dll
0x00007ffd39a60000 - 0x00007ffd39a78000 	C:\Program Files\Eclipse Adoptium\jdk-8.0.402.6-hotspot\jre\bin\zip.dll
0x00007ffd5d7d0000 - 0x00007ffd5e02d000 	C:\Windows\System32\SHELL32.dll
0x00007ffd5aa30000 - 0x00007ffd5b328000 	C:\Windows\SYSTEM32\windows.storage.dll
0x00007ffd5f230000 - 0x00007ffd5f5b8000 	C:\Windows\System32\combase.dll
0x00007ffd5a8f0000 - 0x00007ffd5aa2e000 	C:\Windows\SYSTEM32\wintypes.dll
0x00007ffd5ec80000 - 0x00007ffd5ed73000 	C:\Windows\System32\SHCORE.dll
0x00007ffd5d4e0000 - 0x00007ffd5d53e000 	C:\Windows\System32\shlwapi.dll
0x00007ffd5ca00000 - 0x00007ffd5ca26000 	C:\Windows\SYSTEM32\profapi.dll
0x0000000065580000 - 0x0000000065616000 	C:\Users\Igna\AppData\Local\Temp\libgdxIgna\12dfaa03\gdx64.dll
0x00007ffd5c260000 - 0x00007ffd5c27b000 	C:\Windows\SYSTEM32\CRYPTSP.dll
0x00007ffd5ba70000 - 0x00007ffd5baa5000 	C:\Windows\system32\rsaenh.dll
0x00007ffd5c0f0000 - 0x00007ffd5c11c000 	C:\Windows\SYSTEM32\USERENV.dll
0x00007ffd5cb70000 - 0x00007ffd5cbea000 	C:\Windows\System32\bcryptprimitives.dll
0x00007ffd5c250000 - 0x00007ffd5c25c000 	C:\Windows\SYSTEM32\CRYPTBASE.dll
0x00007ffd33280000 - 0x00007ffd3329c000 	C:\Program Files\Eclipse Adoptium\jdk-8.0.402.6-hotspot\jre\bin\net.dll
0x00007ffd5bf90000 - 0x00007ffd5bff9000 	C:\Windows\system32\mswsock.dll
0x00007ffd5b590000 - 0x00007ffd5b5bd000 	C:\Windows\SYSTEM32\IPHLPAPI.DLL
0x00007ffd5e6b0000 - 0x00007ffd5e6b9000 	C:\Windows\System32\NSI.dll
0x00007ffd563e0000 - 0x00007ffd563f9000 	C:\Windows\SYSTEM32\dhcpcsvc6.DLL
0x00007ffd562f0000 - 0x00007ffd5630f000 	C:\Windows\SYSTEM32\dhcpcsvc.DLL
0x00007ffd5b600000 - 0x00007ffd5b6f9000 	C:\Windows\SYSTEM32\DNSAPI.dll
0x00007ffd2dc80000 - 0x00007ffd2dc93000 	C:\Program Files\Eclipse Adoptium\jdk-8.0.402.6-hotspot\jre\bin\nio.dll
0x0000000180000000 - 0x0000000180053000 	C:\Users\Igna\AppData\Local\Temp\libgdxIgna\dc0f0009\lwjgl64.dll
0x00007ffd21440000 - 0x00007ffd21540000 	C:\Windows\SYSTEM32\OPENGL32.dll
0x00007ffd436d0000 - 0x00007ffd436fd000 	C:\Windows\SYSTEM32\GLU32.dll
0x00007ffd59c80000 - 0x00007ffd59cb9000 	C:\Windows\SYSTEM32\dxcore.dll
0x000001f74d7e0000 - 0x000001f74d844000 	C:\Users\Igna\AppData\Local\Temp\libgdxIgna\dc0f0009\OpenAL64.dll
0x00007ffd5d580000 - 0x00007ffd5d71f000 	C:\Windows\System32\ole32.dll
0x00007ffd59b70000 - 0x00007ffd59c1b000 	C:\Windows\system32\uxtheme.dll
0x00007ffd5f6a0000 - 0x00007ffd5f750000 	C:\Windows\System32\clbcatq.dll
0x00007ffd117b0000 - 0x00007ffd11852000 	C:\Windows\SYSTEM32\dsound.dll
0x00007ffcf26f0000 - 0x00007ffcf27a1000 	C:\Windows\SYSTEM32\ResampleDmo.DLL
0x00007ffd3fd20000 - 0x00007ffd3fd49000 	C:\Windows\SYSTEM32\winmmbase.dll
0x00007ffd5c470000 - 0x00007ffd5c4bd000 	C:\Windows\SYSTEM32\powrprof.dll
0x00007ffd5f5c0000 - 0x00007ffd5f697000 	C:\Windows\System32\OLEAUT32.dll
0x00007ffd530c0000 - 0x00007ffd530cb000 	C:\Windows\SYSTEM32\msdmo.dll
0x00007ffd5c3b0000 - 0x00007ffd5c3c3000 	C:\Windows\SYSTEM32\UMPDC.dll
0x00007ffd46040000 - 0x00007ffd460dd000 	C:\Windows\System32\MMDevApi.dll
0x00007ffd5c790000 - 0x00007ffd5c7bc000 	C:\Windows\System32\DEVOBJ.dll
0x00007ffd5c7c0000 - 0x00007ffd5c80e000 	C:\Windows\SYSTEM32\cfgmgr32.dll
0x00007ffd46380000 - 0x00007ffd4656c000 	C:\Windows\SYSTEM32\AUDIOSES.DLL
0x00007ffd5a340000 - 0x00007ffd5a573000 	C:\Windows\SYSTEM32\dbghelp.dll

VM Arguments:
jvm_args: -Duser.language=es_ES -Dfile.encoding=UTF-8 
java_command: org.uqbar.project.wollok.launch.WollokLauncher -requestsPort 0 -eventsPort 0 -folder -dontValidate -wf src/program.wpgm -darkMode
java_class_path (initial): C:\Users\Igna\Git\AutitosGame\autitosGame-IgnChamo\bin;C:\Users\Igna\Downloads\wollok-win32.win32.x86_64\plugins\com.ibm.icu_64.2.0.v20190507-1337.jar;C:\Users\Igna\Downloads\wollok-win32.win32.x86_64\plugins\org.eclipse.xtext_2.20.0.v20191202-0915.jar;C:\Users\Igna\Downloads\wollok-win32.win32.x86_64\plugins\org.eclipse.emf.ecore.xmi_2.16.0.v20190528-0725.jar;C:\Users\Igna\Downloads\wollok-win32.win32.x86_64\plugins\org.eclipse.emf.ecore_2.20.0.v20190920-0401.jar;C:\Users\Igna\Downloads\wollok-win32.win32.x86_64\plugins\org.eclipse.emf.common_2.17.0.v20190920-0401.jar;C:\Users\Igna\Downloads\wollok-win32.win32.x86_64\plugins\org.antlr.runtime_3.2.0.v201101311130.jar;C:\Users\Igna\Downloads\wollok-win32.win32.x86_64\plugins\com.google.inject_3.0.0.v201605172100.jar;C:\Users\Igna\Downloads\wollok-win32.win32.x86_64\plugins\org.eclipse.emf.mwe.core_1.5.1.v20191121-1148.jar;C:\Users\Igna\Downloads\wollok-win32.win32.x86_64\plugins\org.apache.commons.cli_1.2.0.v201404270220.jar;C:\Users\Igna\Downloads\wollok-win32.win32.x86_64\plugins\org.eclipse.emf.mwe2.runtime_2.11.1.v20191121-1148.jar;C:\Users\Igna\Downloads\wollok-win32.win32.x86_64\plugins\org.eclipse.emf.mwe.utils_1.5.1.v20191121-1148.jar;C:\Users\Igna\Downloads\wollok-win32.win32.x86_64\plugins\org.eclipse.xtext.util_2.20.0.v20191202-0915.jar;C:\Users\Igna\Downloads\wollok-win32.win32.x86_64\plugins\com.google.guava_27.1.0.v20190517-1946.jar;C:\Users\Igna\Downloads\wollok-win32.win32.x86_64\plugins\javax.inject_1.0.0.v20091030.jar;C:\Users\Igna\Downloads\wollok-win32.win32.x86_64\plugins\org.eclipse.xtext.generator_2.20.0.v20191202-0933.jar;C:\Users\Igna\Downloads\wollok-win32.win32.x86_64\plugins\org.eclipse.xtext.xtext.generator_2.20.0.v20191202-0915.jar;C:\Users\Igna\Downloads\wollok-win32.win32.x86_64\plugins\org.eclipse.xtext.xbase.lib_2.20.0.v20191202-0907.jar;C:\Users\Igna\Downloads\wollok-win32.win32.x86_64\plugins\org.eclipse.emf.codegen.ecore_2.20.0.v20191012-0918.jar;C:\Us
Launcher Type: SUN_STANDARD

Environment Variables:
PATH=C:/Program Files/Eclipse Adoptium/jdk-8.0.402.6-hotspot/bin/../jre/bin/server;C:/Program Files/Eclipse Adoptium/jdk-8.0.402.6-hotspot/bin/../jre/bin;C:/Program Files/Eclipse Adoptium/jdk-8.0.402.6-hotspot/bin/../jre/lib/amd64;C:\Program Files (x86)\NVIDIA Corporation\PhysX\Common;C:\Program Files\Eclipse Adoptium\jdk-8.0.402.6-hotspot\bin;C:\Windows\system32;C:\Windows;C:\Windows\System32\Wbem;C:\Windows\System32\WindowsPowerShell\v1.0\;C:\Windows\System32\OpenSSH\;C:\Program Files\Git\cmd;C:\Program Files\dotnet\;C:\Users\Igna\AppData\Local\Microsoft\WindowsApps;C:\Users\Igna\AppData\Local\Programs\Microsoft VS Code\bin;C:\Users\Igna\.dotnet\tools;C:\Users\Igna\Downloads\wollok-win32.win32.x86_64;
USERNAME=Igna
OS=Windows_NT
PROCESSOR_IDENTIFIER=AMD64 Family 25 Model 33 Stepping 2, AuthenticAMD



---------------  S Y S T E M  ---------------

OS: Windows 11 , 64 bit Build 22621 (10.0.22621.3235)

CPU:total 16 (initial active 16) (16 cores per cpu, 1 threads per core) family 25 model 33 stepping 2, cmov, cx8, fxsr, mmx, sse, sse2, sse3, ssse3, sse4.1, sse4.2, popcnt, avx, avx2, aes, clmul, erms, mmxext, 3dnowpref, lzcnt, sse4a, tsc, tscinvbit, tscinv, bmi1

Memory: 4k page, physical 16701024k(5433572k free), swap 30873564k(4872388k free)

vm_info: OpenJDK 64-Bit Server VM (25.402-b06) for windows-amd64 JRE (1.8.0_402-b06), built on Jan 16 2024 21:53:06 by "jenkins" with MS VC++ 15.9 (VS2017)

time: Mon Apr  8 21:31:04 2024
timezone: Hora estándar de Argentina
elapsed time: 1.337928 seconds (0d 0h 0m 1s)

